<?xml version="1.0" encoding="UTF-8"?>
<beans xmlns="http://www.springframework.org/schema/beans"
       xmlns:xsi="http://www.w3.org/2001/XMLSchema-instance"
       xsi:schemaLocation="http://www.springframework.org/schema/beans http://www.springframework.org/schema/beans/spring-beans.xsd">
    <bean id="pet" class="app.example1.Pet">
        <property name="name" value="arturka"/>
    </bean>

    <bean id="staticPet" class="app.example1.StaticPet" factory-method="getInstance"/>

    <bean id="petFactory" class="app.example1.petfactory.PetFactory"/>
    <bean id="petFromFactory" factory-bean="petFactory" factory-method="getDefaultPet">

    </bean>
</beans>